2020-05-07 10:46:08 ERROR    DBCPDataSource:43 - Cannot create PoolableConnectionFactory (Communications link failure

The last packet sent successfully to the server was 0 milliseconds ago. The driver has not received any packets from the server.)
2020-05-07 11:32:58 ERROR    DBCPDataSource:43 - Cannot create PoolableConnectionFactory (Communications link failure

The last packet sent successfully to the server was 0 milliseconds ago. The driver has not received any packets from the server.)
2020-05-07 11:33:49 ERROR    DBCPDataSource:43 - Cannot create PoolableConnectionFactory (Communications link failure

The last packet sent successfully to the server was 0 milliseconds ago. The driver has not received any packets from the server.)
2020-05-07 11:34:27 ERROR    DBCPDataSource:43 - Cannot create PoolableConnectionFactory (Communications link failure

The last packet sent successfully to the server was 0 milliseconds ago. The driver has not received any packets from the server.)
2020-05-07 11:34:59 ERROR    DBCPDataSource:43 - Cannot create PoolableConnectionFactory (Communications link failure

The last packet sent successfully to the server was 0 milliseconds ago. The driver has not received any packets from the server.)
2020-05-07 11:35:20 ERROR    DBCPDataSource:43 - Cannot create PoolableConnectionFactory (Communications link failure

The last packet sent successfully to the server was 0 milliseconds ago. The driver has not received any packets from the server.)
2020-05-07 13:21:35 ERROR    BidControllerServlet:159 - Invalid bid data to get price or format the bid
2020-05-07 13:25:44 ERROR    BuyingControllerServlet:48 - Invalid credit card data input to pay the bid
2020-05-07 13:29:35 ERROR    PasswordRecoveryServlet:78 - Invalid email input
2020-05-07 13:32:54 ERROR    ResetPasswordServlet:46 - Invalid password/retyped password in recovery password section
2020-05-07 13:37:25 ERROR    AdminBidControllerServlet:53 - For input string: ""
2020-05-07 15:58:20 ERROR    BidControllerServlet:74 - empty String
2020-05-07 15:58:20 ERROR    BidControllerServlet:85 - empty String
2020-05-07 15:58:20 ERROR    BidControllerServlet:99 - empty String
2020-05-07 15:58:20 ERROR    BidControllerServlet:159 - Invalid bid data to get price or format the bid
2020-05-07 15:59:06 ERROR    BidControllerServlet:74 - empty String
2020-05-07 15:59:06 ERROR    BidControllerServlet:85 - empty String
2020-05-07 15:59:06 ERROR    BidControllerServlet:99 - empty String
2020-05-07 15:59:06 ERROR    BidControllerServlet:159 - Invalid bid data to get price or format the bid
2020-05-07 16:05:37 ERROR    BidControllerServlet:74 - empty String
2020-05-07 16:05:37 ERROR    BidControllerServlet:85 - empty String
2020-05-07 16:05:37 ERROR    BidControllerServlet:99 - empty String
2020-05-07 16:05:37 ERROR    BidControllerServlet:159 - Invalid bid data to get price or format the bid
2020-05-07 16:05:49 ERROR    BidControllerServlet:85 - empty String
2020-05-07 16:05:49 ERROR    BidControllerServlet:99 - empty String
2020-05-07 16:05:49 ERROR    BidControllerServlet:159 - Invalid bid data to get price or format the bid
2020-05-07 16:05:54 ERROR    BidControllerServlet:74 - empty String
2020-05-07 16:05:54 ERROR    BidControllerServlet:85 - empty String
2020-05-07 16:05:54 ERROR    BidControllerServlet:99 - empty String
2020-05-07 16:05:54 ERROR    BidControllerServlet:159 - Invalid bid data to get price or format the bid
2020-05-07 16:10:03 ERROR    BidControllerServlet:74 - empty String
2020-05-07 16:10:03 ERROR    BidControllerServlet:85 - empty String
2020-05-07 16:10:03 ERROR    BidControllerServlet:99 - empty String
2020-05-07 16:10:03 ERROR    BidControllerServlet:159 - Invalid bid data to get price or format the bid
2020-05-07 16:25:05 ERROR    BidControllerServlet:74 - empty String
2020-05-07 16:25:05 ERROR    BidControllerServlet:85 - empty String
2020-05-07 16:25:05 ERROR    BidControllerServlet:99 - empty String
2020-05-07 16:25:05 ERROR    BidControllerServlet:159 - Invalid bid data to get price or format the bid
2020-05-07 16:25:16 ERROR    BidControllerServlet:74 - empty String
2020-05-07 16:25:16 ERROR    BidControllerServlet:85 - empty String
2020-05-07 16:25:16 ERROR    BidControllerServlet:99 - empty String
2020-05-07 16:25:16 ERROR    BidControllerServlet:159 - Invalid bid data to get price or format the bid
2020-05-07 16:35:47 ERROR    BidControllerServlet:74 - empty String
2020-05-07 16:35:47 ERROR    BidControllerServlet:85 - empty String
2020-05-07 16:35:47 ERROR    BidControllerServlet:99 - empty String
2020-05-07 16:35:47 ERROR    BidControllerServlet:159 - Invalid bid data to get price or format the bid
2020-05-07 16:37:59 ERROR    BidControllerServlet:74 - empty String
2020-05-07 16:37:59 ERROR    BidControllerServlet:85 - empty String
2020-05-07 16:37:59 ERROR    BidControllerServlet:99 - empty String
2020-05-07 16:37:59 ERROR    BidControllerServlet:159 - Invalid bid data to get price or format the bid
2020-05-07 16:52:55 ERROR    BidControllerServlet:74 - For input string: "asd"
2020-05-07 16:52:55 ERROR    BidControllerServlet:159 - Invalid bid data to get price or format the bid
2020-05-08 10:27:32 ERROR    BidControllerServlet:74 - empty String
2020-05-08 10:27:32 ERROR    BidControllerServlet:85 - empty String
2020-05-08 10:27:32 ERROR    BidControllerServlet:99 - empty String
2020-05-08 10:27:32 ERROR    BidControllerServlet:159 - Invalid bid data to get price or format the bid
2020-05-08 10:30:47 ERROR    ResetPasswordServlet:46 - Invalid password/retyped password in recovery password section
2020-05-08 10:30:51 ERROR    ResetPasswordServlet:46 - Invalid password/retyped password in recovery password section
2020-05-08 10:30:53 ERROR    ResetPasswordServlet:46 - Invalid password/retyped password in recovery password section
2020-05-08 10:30:56 ERROR    ResetPasswordServlet:46 - Invalid password/retyped password in recovery password section
2020-05-08 10:31:02 ERROR    ResetPasswordServlet:46 - Invalid password/retyped password in recovery password section
2020-05-08 10:31:24 ERROR    ResetPasswordServlet:46 - Invalid password/retyped password in recovery password section
2020-05-08 10:31:30 ERROR    ResetPasswordServlet:46 - Invalid password/retyped password in recovery password section
2020-05-08 10:32:06 ERROR    ResetPasswordServlet:46 - Invalid password/retyped password in recovery password section
2020-05-08 10:32:18 ERROR    ResetPasswordServlet:46 - Invalid password/retyped password in recovery password section
2020-05-08 10:32:20 ERROR    ResetPasswordServlet:46 - Invalid password/retyped password in recovery password section
2020-05-08 10:32:26 ERROR    ResetPasswordServlet:46 - Invalid password/retyped password in recovery password section
2020-05-08 10:55:56 ERROR    AuthorizationServlet:63 - Invalid credentials input to log in
2020-05-08 10:56:05 ERROR    AuthorizationServlet:63 - Invalid credentials input to log in
2020-05-08 10:56:18 ERROR    AuthorizationServlet:63 - Invalid credentials input to log in
2020-05-08 11:07:57 ERROR    BidControllerServlet:74 - empty String
2020-05-08 11:07:57 ERROR    BidControllerServlet:85 - empty String
2020-05-08 11:07:57 ERROR    BidControllerServlet:99 - empty String
2020-05-08 11:07:57 ERROR    BidControllerServlet:159 - Invalid bid data to get price or format the bid
2020-05-08 11:08:09 ERROR    AuthorizationServlet:63 - Invalid credentials input to log in
2020-05-08 11:08:11 ERROR    RegistrationServlet:48 - Invalid input data to register user
2020-05-08 11:08:44 ERROR    RegistrationServlet:48 - Invalid input data to register user
2020-05-08 11:10:15 ERROR    RegistrationServlet:48 - Invalid input data to register user
2020-05-08 11:10:19 ERROR    AuthorizationServlet:63 - Invalid credentials input to log in
2020-05-08 11:10:22 ERROR    RegistrationServlet:48 - Invalid input data to register user
2020-05-08 11:10:27 ERROR    RegistrationServlet:48 - Invalid input data to register user
2020-05-08 11:10:32 ERROR    AuthorizationServlet:63 - Invalid credentials input to log in
2020-05-08 11:10:34 ERROR    BidControllerServlet:85 - empty String
2020-05-08 11:10:34 ERROR    BidControllerServlet:99 - empty String
2020-05-08 11:10:34 ERROR    BidControllerServlet:159 - Invalid bid data to get price or format the bid
2020-05-08 11:10:37 ERROR    RegistrationServlet:48 - Invalid input data to register user
2020-05-08 11:10:38 ERROR    RegistrationServlet:48 - Invalid input data to register user
2020-05-08 11:12:43 ERROR    BuyingControllerServlet:48 - Invalid credit card data input to pay the bid
2020-05-08 11:12:57 ERROR    BuyingControllerServlet:48 - Invalid credit card data input to pay the bid
2020-05-08 11:13:02 ERROR    BuyingControllerServlet:48 - Invalid credit card data input to pay the bid
2020-05-08 11:13:17 ERROR    AdminBidControllerServlet:53 - For input string: ""
2020-05-08 11:13:35 ERROR    BidControllerServlet:74 - empty String
2020-05-08 11:13:35 ERROR    BidControllerServlet:85 - empty String
2020-05-08 11:13:35 ERROR    BidControllerServlet:99 - empty String
2020-05-08 11:13:35 ERROR    BidControllerServlet:159 - Invalid bid data to get price or format the bid
2020-05-08 11:13:38 ERROR    BidControllerServlet:74 - empty String
2020-05-08 11:13:38 ERROR    BidControllerServlet:85 - empty String
2020-05-08 11:13:38 ERROR    BidControllerServlet:159 - Invalid bid data to get price or format the bid
2020-05-08 11:14:01 ERROR    PasswordRecoveryServlet:78 - Invalid email input
2020-05-08 14:56:42 ERROR    BidControllerServlet:74 - empty String
2020-05-08 14:56:42 ERROR    BidControllerServlet:85 - empty String
2020-05-08 14:56:42 ERROR    BidControllerServlet:99 - empty String
2020-05-08 14:56:42 ERROR    BidControllerServlet:159 - Invalid bid data to get price or format the bid
2020-05-08 14:56:46 ERROR    BidControllerServlet:74 - empty String
2020-05-08 14:56:46 ERROR    BidControllerServlet:85 - empty String
2020-05-08 14:56:46 ERROR    BidControllerServlet:99 - empty String
2020-05-08 14:56:46 ERROR    BidControllerServlet:159 - Invalid bid data to get price or format the bid
2020-05-08 17:49:19 ERROR    BidControllerServlet:76 - empty String
2020-05-08 17:49:19 ERROR    BidControllerServlet:87 - empty String
2020-05-08 17:49:19 ERROR    BidControllerServlet:101 - empty String
2020-05-08 17:49:19 ERROR    BidControllerServlet:161 - Invalid bid data to get price or format the bid
2020-05-08 17:49:44 ERROR    BidControllerServlet:76 - empty String
2020-05-08 17:49:44 ERROR    BidControllerServlet:87 - empty String
2020-05-08 17:49:44 ERROR    BidControllerServlet:101 - empty String
2020-05-08 17:49:44 ERROR    BidControllerServlet:161 - Invalid bid data to get price or format the bid
2020-05-09 14:35:22 ERROR    BidControllerServlet:76 - empty String
2020-05-09 14:35:22 ERROR    BidControllerServlet:87 - empty String
2020-05-09 14:35:22 ERROR    BidControllerServlet:101 - empty String
2020-05-09 14:35:22 ERROR    BidControllerServlet:161 - Invalid bid data to get price or format the bid
2020-05-09 20:03:17 ERROR    BidControllerServlet:76 - empty String
2020-05-09 20:03:17 ERROR    BidControllerServlet:87 - empty String
2020-05-09 20:03:17 ERROR    BidControllerServlet:101 - empty String
2020-05-09 20:03:17 ERROR    BidControllerServlet:161 - Invalid bid data to get price or format the bid
2020-05-09 20:23:48 ERROR    BidControllerServlet:76 - empty String
2020-05-09 20:23:48 ERROR    BidControllerServlet:87 - empty String
2020-05-09 20:23:48 ERROR    BidControllerServlet:101 - empty String
2020-05-09 20:23:48 ERROR    BidControllerServlet:161 - Invalid bid data to get price or format the bid
2020-05-09 20:23:57 ERROR    BidControllerServlet:76 - empty String
2020-05-09 20:23:57 ERROR    BidControllerServlet:87 - empty String
2020-05-09 20:23:57 ERROR    BidControllerServlet:101 - empty String
2020-05-09 20:23:57 ERROR    BidControllerServlet:161 - Invalid bid data to get price or format the bid
2020-05-09 20:45:58 ERROR    BidControllerServlet:76 - empty String
2020-05-09 20:45:58 ERROR    BidControllerServlet:87 - empty String
2020-05-09 20:45:58 ERROR    BidControllerServlet:101 - empty String
2020-05-09 20:45:58 ERROR    BidControllerServlet:161 - Invalid bid data to get price or format the bid
2020-05-09 20:49:49 ERROR    BidControllerServlet:76 - empty String
2020-05-09 20:49:49 ERROR    BidControllerServlet:87 - empty String
2020-05-09 20:49:49 ERROR    BidControllerServlet:101 - empty String
2020-05-09 20:49:49 ERROR    BidControllerServlet:161 - Invalid bid data to get price or format the bid
2020-05-09 20:50:27 ERROR    BidControllerServlet:76 - empty String
2020-05-09 20:50:27 ERROR    BidControllerServlet:87 - empty String
2020-05-09 20:50:27 ERROR    BidControllerServlet:101 - empty String
2020-05-09 20:50:27 ERROR    BidControllerServlet:161 - Invalid bid data to get price or format the bid
2020-05-09 20:51:32 ERROR    BidControllerServlet:76 - empty String
2020-05-09 20:51:32 ERROR    BidControllerServlet:87 - empty String
2020-05-09 20:51:32 ERROR    BidControllerServlet:101 - empty String
2020-05-09 20:51:32 ERROR    BidControllerServlet:161 - Invalid bid data to get price or format the bid
2020-05-09 20:51:36 ERROR    BidControllerServlet:76 - empty String
2020-05-09 20:51:36 ERROR    BidControllerServlet:87 - empty String
2020-05-09 20:51:36 ERROR    BidControllerServlet:101 - empty String
2020-05-09 20:51:36 ERROR    BidControllerServlet:161 - Invalid bid data to get price or format the bid
2020-05-09 21:24:30 ERROR    BidControllerServlet:76 - empty String
2020-05-09 21:24:30 ERROR    BidControllerServlet:87 - empty String
2020-05-09 21:24:30 ERROR    BidControllerServlet:101 - empty String
2020-05-09 21:24:30 ERROR    BidControllerServlet:161 - Invalid bid data to get price or format the bid
2020-05-09 21:31:15 ERROR    BidControllerServlet:76 - empty String
2020-05-09 21:31:15 ERROR    BidControllerServlet:87 - empty String
2020-05-09 21:31:15 ERROR    BidControllerServlet:101 - empty String
2020-05-09 21:31:15 ERROR    BidControllerServlet:161 - Invalid bid data to get price or format the bid
2020-05-09 21:31:17 ERROR    BidControllerServlet:76 - empty String
2020-05-09 21:31:17 ERROR    BidControllerServlet:87 - empty String
2020-05-09 21:31:17 ERROR    BidControllerServlet:101 - empty String
2020-05-09 21:31:17 ERROR    BidControllerServlet:161 - Invalid bid data to get price or format the bid
2020-05-09 21:31:20 ERROR    BidControllerServlet:76 - empty String
2020-05-09 21:31:20 ERROR    BidControllerServlet:87 - empty String
2020-05-09 21:31:20 ERROR    BidControllerServlet:101 - empty String
2020-05-09 21:31:20 ERROR    BidControllerServlet:161 - Invalid bid data to get price or format the bid
2020-05-09 21:31:31 ERROR    BidControllerServlet:76 - empty String
2020-05-09 21:31:31 ERROR    BidControllerServlet:87 - empty String
2020-05-09 21:31:31 ERROR    BidControllerServlet:101 - empty String
2020-05-09 21:31:31 ERROR    BidControllerServlet:161 - Invalid bid data to get price or format the bid
2020-05-09 21:32:13 ERROR    BidControllerServlet:76 - empty String
2020-05-09 21:32:13 ERROR    BidControllerServlet:87 - empty String
2020-05-09 21:32:13 ERROR    BidControllerServlet:101 - empty String
2020-05-09 21:32:13 ERROR    BidControllerServlet:161 - Invalid bid data to get price or format the bid
2020-05-09 21:32:14 ERROR    BidControllerServlet:76 - empty String
2020-05-09 21:32:14 ERROR    BidControllerServlet:87 - empty String
2020-05-09 21:32:14 ERROR    BidControllerServlet:101 - empty String
2020-05-09 21:32:14 ERROR    BidControllerServlet:161 - Invalid bid data to get price or format the bid
2020-05-09 21:34:01 ERROR    BidControllerServlet:76 - empty String
2020-05-09 21:34:01 ERROR    BidControllerServlet:87 - empty String
2020-05-09 21:34:01 ERROR    BidControllerServlet:101 - empty String
2020-05-09 21:34:01 ERROR    BidControllerServlet:161 - Invalid bid data to get price or format the bid
2020-05-09 21:34:02 ERROR    BidControllerServlet:76 - empty String
2020-05-09 21:34:02 ERROR    BidControllerServlet:87 - empty String
2020-05-09 21:34:02 ERROR    BidControllerServlet:101 - empty String
2020-05-09 21:34:02 ERROR    BidControllerServlet:161 - Invalid bid data to get price or format the bid
2020-05-09 21:34:06 ERROR    BidControllerServlet:76 - empty String
2020-05-09 21:34:06 ERROR    BidControllerServlet:87 - empty String
2020-05-09 21:34:06 ERROR    BidControllerServlet:101 - empty String
2020-05-09 21:34:06 ERROR    BidControllerServlet:161 - Invalid bid data to get price or format the bid
2020-05-09 21:34:11 ERROR    BidControllerServlet:76 - empty String
2020-05-09 21:34:11 ERROR    BidControllerServlet:87 - empty String
2020-05-09 21:34:11 ERROR    BidControllerServlet:101 - empty String
2020-05-09 21:34:11 ERROR    BidControllerServlet:161 - Invalid bid data to get price or format the bid
2020-05-09 21:34:32 ERROR    BidControllerServlet:76 - empty String
2020-05-09 21:34:32 ERROR    BidControllerServlet:87 - empty String
2020-05-09 21:34:32 ERROR    BidControllerServlet:101 - empty String
2020-05-09 21:34:32 ERROR    BidControllerServlet:161 - Invalid bid data to get price or format the bid
2020-05-09 21:34:51 ERROR    BidControllerServlet:76 - empty String
2020-05-09 21:34:51 ERROR    BidControllerServlet:87 - empty String
2020-05-09 21:34:51 ERROR    BidControllerServlet:101 - empty String
2020-05-09 21:34:51 ERROR    BidControllerServlet:161 - Invalid bid data to get price or format the bid
2020-05-09 21:37:06 ERROR    BidControllerServlet:76 - empty String
2020-05-09 21:37:06 ERROR    BidControllerServlet:87 - empty String
2020-05-09 21:37:06 ERROR    BidControllerServlet:101 - empty String
2020-05-09 21:37:06 ERROR    BidControllerServlet:161 - Invalid bid data to get price or format the bid
2020-05-09 21:38:22 ERROR    BidControllerServlet:76 - empty String
2020-05-09 21:38:22 ERROR    BidControllerServlet:87 - empty String
2020-05-09 21:38:22 ERROR    BidControllerServlet:101 - empty String
2020-05-09 21:38:22 ERROR    BidControllerServlet:161 - Invalid bid data to get price or format the bid
2020-05-09 21:38:33 ERROR    BidControllerServlet:76 - empty String
2020-05-09 21:38:33 ERROR    BidControllerServlet:87 - empty String
2020-05-09 21:38:33 ERROR    BidControllerServlet:101 - empty String
2020-05-09 21:38:33 ERROR    BidControllerServlet:161 - Invalid bid data to get price or format the bid
2020-05-09 21:39:21 ERROR    BidControllerServlet:76 - empty String
2020-05-09 21:39:21 ERROR    BidControllerServlet:87 - empty String
2020-05-09 21:39:21 ERROR    BidControllerServlet:101 - empty String
2020-05-09 21:39:21 ERROR    BidControllerServlet:161 - Invalid bid data to get price or format the bid
2020-05-09 21:39:32 ERROR    BidControllerServlet:76 - empty String
2020-05-09 21:39:32 ERROR    BidControllerServlet:87 - empty String
2020-05-09 21:39:32 ERROR    BidControllerServlet:101 - empty String
2020-05-09 21:39:32 ERROR    BidControllerServlet:161 - Invalid bid data to get price or format the bid
2020-05-09 21:39:55 ERROR    BidControllerServlet:76 - empty String
2020-05-09 21:39:55 ERROR    BidControllerServlet:87 - empty String
2020-05-09 21:39:55 ERROR    BidControllerServlet:101 - empty String
2020-05-09 21:39:55 ERROR    BidControllerServlet:161 - Invalid bid data to get price or format the bid
2020-05-09 21:42:00 ERROR    BidControllerServlet:76 - empty String
2020-05-09 21:42:00 ERROR    BidControllerServlet:87 - empty String
2020-05-09 21:42:00 ERROR    BidControllerServlet:101 - empty String
2020-05-09 21:42:00 ERROR    BidControllerServlet:161 - Invalid bid data to get price or format the bid
2020-05-09 21:42:55 ERROR    BidControllerServlet:76 - empty String
2020-05-09 21:42:55 ERROR    BidControllerServlet:87 - empty String
2020-05-09 21:42:55 ERROR    BidControllerServlet:101 - empty String
2020-05-09 21:42:55 ERROR    BidControllerServlet:161 - Invalid bid data to get price or format the bid
2020-05-09 21:43:23 ERROR    BidControllerServlet:76 - empty String
2020-05-09 21:43:23 ERROR    BidControllerServlet:87 - empty String
2020-05-09 21:43:23 ERROR    BidControllerServlet:101 - empty String
2020-05-09 21:43:23 ERROR    BidControllerServlet:161 - Invalid bid data to get price or format the bid
2020-05-09 21:45:40 ERROR    BidControllerServlet:76 - empty String
2020-05-09 21:45:40 ERROR    BidControllerServlet:87 - empty String
2020-05-09 21:45:40 ERROR    BidControllerServlet:101 - empty String
2020-05-09 21:45:40 ERROR    BidControllerServlet:161 - Invalid bid data to get price or format the bid
2020-05-09 21:46:55 ERROR    BidControllerServlet:76 - empty String
2020-05-09 21:46:55 ERROR    BidControllerServlet:87 - empty String
2020-05-09 21:46:55 ERROR    BidControllerServlet:101 - empty String
2020-05-09 21:46:55 ERROR    BidControllerServlet:161 - Invalid bid data to get price or format the bid
2020-05-09 21:46:58 ERROR    BidControllerServlet:76 - empty String
2020-05-09 21:46:58 ERROR    BidControllerServlet:87 - empty String
2020-05-09 21:46:58 ERROR    BidControllerServlet:101 - empty String
2020-05-09 21:46:58 ERROR    BidControllerServlet:161 - Invalid bid data to get price or format the bid
2020-05-09 21:47:47 ERROR    BidControllerServlet:76 - empty String
2020-05-09 21:47:47 ERROR    BidControllerServlet:87 - empty String
2020-05-09 21:47:47 ERROR    BidControllerServlet:101 - empty String
2020-05-09 21:47:47 ERROR    BidControllerServlet:161 - Invalid bid data to get price or format the bid
2020-05-09 21:48:38 ERROR    BidControllerServlet:76 - empty String
2020-05-09 21:48:38 ERROR    BidControllerServlet:87 - empty String
2020-05-09 21:48:38 ERROR    BidControllerServlet:101 - empty String
2020-05-09 21:48:38 ERROR    BidControllerServlet:161 - Invalid bid data to get price or format the bid
2020-05-09 21:49:05 ERROR    BidControllerServlet:87 - empty String
2020-05-09 21:49:05 ERROR    BidControllerServlet:101 - empty String
2020-05-09 21:49:05 ERROR    BidControllerServlet:161 - Invalid bid data to get price or format the bid
2020-05-09 21:49:07 ERROR    BidControllerServlet:76 - empty String
2020-05-09 21:49:07 ERROR    BidControllerServlet:87 - empty String
2020-05-09 21:49:07 ERROR    BidControllerServlet:101 - empty String
2020-05-09 21:49:07 ERROR    BidControllerServlet:161 - Invalid bid data to get price or format the bid
2020-05-09 21:49:31 ERROR    BidControllerServlet:76 - empty String
2020-05-09 21:49:31 ERROR    BidControllerServlet:87 - empty String
2020-05-09 21:49:31 ERROR    BidControllerServlet:101 - empty String
2020-05-09 21:49:31 ERROR    BidControllerServlet:161 - Invalid bid data to get price or format the bid
2020-05-09 22:06:16 ERROR    BidControllerServlet:76 - empty String
2020-05-09 22:06:16 ERROR    BidControllerServlet:87 - empty String
2020-05-09 22:06:16 ERROR    BidControllerServlet:101 - empty String
2020-05-09 22:06:16 ERROR    BidControllerServlet:161 - Invalid bid data to get price or format the bid
2020-05-09 23:04:55 ERROR    BidControllerServlet:76 - empty String
2020-05-09 23:04:55 ERROR    BidControllerServlet:87 - empty String
2020-05-09 23:04:55 ERROR    BidControllerServlet:101 - empty String
2020-05-09 23:04:55 ERROR    BidControllerServlet:161 - Invalid bid data to get price or format the bid
2020-05-10 10:39:19 ERROR    BidControllerServlet:76 - empty String
2020-05-10 10:39:19 ERROR    BidControllerServlet:87 - empty String
2020-05-10 10:39:19 ERROR    BidControllerServlet:101 - empty String
2020-05-10 10:39:19 ERROR    BidControllerServlet:161 - Invalid bid data to get price or format the bid
2020-05-10 12:16:41 ERROR    BidControllerServlet:76 - empty String
2020-05-10 12:16:41 ERROR    BidControllerServlet:87 - empty String
2020-05-10 12:16:41 ERROR    BidControllerServlet:101 - empty String
2020-05-10 12:16:41 ERROR    BidControllerServlet:161 - Invalid bid data to get price or format the bid
2020-05-10 12:32:12 ERROR    BidControllerServlet:76 - empty String
2020-05-10 12:32:12 ERROR    BidControllerServlet:87 - empty String
2020-05-10 12:32:12 ERROR    BidControllerServlet:101 - empty String
2020-05-10 12:32:12 ERROR    BidControllerServlet:161 - Invalid bid data to get price or format the bid
2020-05-10 13:31:06 ERROR    AdminBidControllerServlet:55 - For input string: "4r"
2020-05-10 13:32:52 ERROR    AdminBidControllerServlet:55 - For input string: "4r"
2020-05-10 13:32:56 ERROR    AdminBidControllerServlet:55 - For input string: "4r"
2020-05-10 13:35:49 ERROR    AdminBidControllerServlet:55 - For input string: "4r"
2020-05-10 13:37:07 ERROR    AdminBidControllerServlet:55 - For input string: "4r"
2020-05-10 13:42:32 ERROR    AdminBidControllerServlet:55 - For input string: ""
2020-05-10 14:50:09 ERROR    BidControllerServlet:76 - empty String
2020-05-10 14:50:09 ERROR    BidControllerServlet:87 - empty String
2020-05-10 14:50:09 ERROR    BidControllerServlet:101 - empty String
2020-05-10 14:50:09 ERROR    BidControllerServlet:161 - Invalid bid data to get price or format the bid
2020-05-10 14:50:29 ERROR    BidControllerServlet:76 - empty String
2020-05-10 14:50:29 ERROR    BidControllerServlet:87 - empty String
2020-05-10 14:50:29 ERROR    BidControllerServlet:101 - empty String
2020-05-10 14:50:29 ERROR    BidControllerServlet:161 - Invalid bid data to get price or format the bid
2020-05-10 15:24:16 ERROR    BuyingControllerServlet:50 - Invalid credit card data input to pay the bid
2020-05-10 15:31:05 ERROR    BuyingControllerServlet:50 - Invalid credit card data input to pay the bid
2020-05-10 15:31:36 ERROR    BuyingControllerServlet:50 - Invalid credit card data input to pay the bid
2020-05-10 15:34:11 ERROR    BuyingControllerServlet:50 - Invalid credit card data input to pay the bid
2020-05-10 15:34:19 ERROR    BuyingControllerServlet:50 - Invalid credit card data input to pay the bid
2020-05-10 15:35:41 ERROR    BuyingControllerServlet:50 - Invalid credit card data input to pay the bid
2020-05-10 15:36:54 ERROR    BuyingControllerServlet:50 - Invalid credit card data input to pay the bid
2020-05-10 15:38:18 ERROR    BuyingControllerServlet:50 - Invalid credit card data input to pay the bid
2020-05-10 15:39:07 ERROR    BuyingControllerServlet:50 - Invalid credit card data input to pay the bid
2020-05-10 15:39:10 ERROR    BuyingControllerServlet:50 - Invalid credit card data input to pay the bid
2020-05-10 15:39:10 ERROR    BuyingControllerServlet:50 - Invalid credit card data input to pay the bid
2020-05-10 15:39:10 ERROR    BuyingControllerServlet:50 - Invalid credit card data input to pay the bid
2020-05-10 15:39:11 ERROR    BuyingControllerServlet:50 - Invalid credit card data input to pay the bid
2020-05-10 15:39:11 ERROR    BuyingControllerServlet:50 - Invalid credit card data input to pay the bid
2020-05-10 15:39:11 ERROR    BuyingControllerServlet:50 - Invalid credit card data input to pay the bid
2020-05-10 15:39:12 ERROR    BuyingControllerServlet:50 - Invalid credit card data input to pay the bid
2020-05-10 15:39:12 ERROR    BuyingControllerServlet:50 - Invalid credit card data input to pay the bid
2020-05-10 15:39:13 ERROR    BuyingControllerServlet:50 - Invalid credit card data input to pay the bid
2020-05-10 15:39:13 ERROR    BuyingControllerServlet:50 - Invalid credit card data input to pay the bid
2020-05-10 15:39:13 ERROR    BuyingControllerServlet:50 - Invalid credit card data input to pay the bid
2020-05-10 15:39:14 ERROR    BuyingControllerServlet:50 - Invalid credit card data input to pay the bid
2020-05-10 15:39:14 ERROR    BuyingControllerServlet:50 - Invalid credit card data input to pay the bid
2020-05-10 15:39:14 ERROR    BuyingControllerServlet:50 - Invalid credit card data input to pay the bid
2020-05-10 15:42:50 ERROR    BuyingControllerServlet:50 - Invalid credit card data input to pay the bid
2020-05-10 15:42:52 ERROR    BuyingControllerServlet:50 - Invalid credit card data input to pay the bid
2020-05-10 15:42:53 ERROR    BuyingControllerServlet:50 - Invalid credit card data input to pay the bid
2020-05-10 15:43:47 ERROR    BuyingControllerServlet:50 - Invalid credit card data input to pay the bid
2020-05-10 15:43:49 ERROR    BuyingControllerServlet:50 - Invalid credit card data input to pay the bid
2020-05-10 15:43:59 ERROR    BuyingControllerServlet:50 - Invalid credit card data input to pay the bid
2020-05-11 13:17:53 ERROR    AuthorizationServlet:65 - Invalid credentials input to log in
2020-05-11 13:17:59 ERROR    DBCPDataSource:43 - Cannot create PoolableConnectionFactory (Communications link failure

The last packet sent successfully to the server was 0 milliseconds ago. The driver has not received any packets from the server.)
2020-05-11 13:20:03 ERROR    DBCPDataSource:43 - Cannot create PoolableConnectionFactory (Communications link failure

The last packet sent successfully to the server was 0 milliseconds ago. The driver has not received any packets from the server.)
2020-05-11 13:20:59 ERROR    DBCPDataSource:43 - Cannot create PoolableConnectionFactory (Communications link failure

The last packet sent successfully to the server was 0 milliseconds ago. The driver has not received any packets from the server.)
2020-05-11 13:23:32 ERROR    DBCPDataSource:43 - Cannot create PoolableConnectionFactory (Communications link failure

The last packet sent successfully to the server was 0 milliseconds ago. The driver has not received any packets from the server.)
2020-05-11 13:24:55 ERROR    DBCPDataSource:43 - Cannot create PoolableConnectionFactory (Communications link failure

The last packet sent successfully to the server was 0 milliseconds ago. The driver has not received any packets from the server.)
2020-05-11 13:25:48 ERROR    DBCPDataSource:43 - Cannot create PoolableConnectionFactory (Communications link failure

The last packet sent successfully to the server was 0 milliseconds ago. The driver has not received any packets from the server.)
2020-05-11 13:26:42 ERROR    DBCPDataSource:43 - Cannot create PoolableConnectionFactory (Communications link failure

The last packet sent successfully to the server was 0 milliseconds ago. The driver has not received any packets from the server.)
2020-05-11 13:35:01 ERROR    PasswordRecoveryServlet:80 - Invalid email input
2020-05-11 13:40:27 ERROR    PasswordRecoveryServlet:80 - Invalid email input
2020-05-11 13:40:51 ERROR    PasswordRecoveryServlet:80 - Invalid email input
2020-05-11 13:42:12 ERROR    PasswordRecoveryServlet:80 - Invalid email input
2020-05-11 13:42:49 ERROR    PasswordRecoveryServlet:80 - Invalid email input
2020-05-11 13:43:46 ERROR    PasswordRecoveryServlet:80 - Invalid email input
2020-05-11 13:45:47 ERROR    PasswordRecoveryServlet:80 - Invalid email input
2020-05-11 13:46:17 ERROR    PasswordRecoveryServlet:80 - Invalid email input
2020-05-11 13:47:08 ERROR    PasswordRecoveryServlet:80 - Invalid email input
2020-05-11 13:48:01 ERROR    PasswordRecoveryServlet:80 - Invalid email input
2020-05-11 13:49:02 ERROR    PasswordRecoveryServlet:80 - Invalid email input
2020-05-11 13:49:21 ERROR    PasswordRecoveryServlet:80 - Invalid email input
2020-05-11 13:50:53 ERROR    PasswordRecoveryServlet:80 - Invalid email input
2020-05-11 13:53:38 ERROR    PasswordRecoveryServlet:80 - Invalid email input
2020-05-11 13:53:49 ERROR    PasswordRecoveryServlet:80 - Invalid email input
2020-05-11 13:55:59 ERROR    PasswordRecoveryServlet:80 - Invalid email input
2020-05-11 13:56:13 ERROR    PasswordRecoveryServlet:80 - Invalid email input
2020-05-11 13:57:06 ERROR    PasswordRecoveryServlet:80 - Invalid email input
2020-05-11 14:34:13 ERROR    PasswordRecoveryServlet:80 - Invalid email input
2020-05-11 14:35:37 ERROR    PasswordRecoveryServlet:80 - Invalid email input
2020-05-11 14:46:52 ERROR    DBCPDataSource:43 - Communications link failure

The last packet sent successfully to the server was 0 milliseconds ago. The driver has not received any packets from the server.
2020-05-11 14:46:52 ERROR    ClientDAO:49 - Connection is null.
2020-05-11 14:46:52 ERROR    ClientDAO:53 - Connection is null.
2020-05-11 14:47:03 ERROR    DBCPDataSource:43 - Communications link failure

The last packet sent successfully to the server was 0 milliseconds ago. The driver has not received any packets from the server.
2020-05-11 14:47:03 ERROR    ClientDAO:49 - Connection is null.
2020-05-11 14:47:03 ERROR    ClientDAO:53 - Connection is null.
2020-05-11 14:47:22 ERROR    DBCPDataSource:43 - Communications link failure

The last packet sent successfully to the server was 0 milliseconds ago. The driver has not received any packets from the server.
2020-05-11 14:47:22 ERROR    ClientDAO:73 - Connection is null.
2020-05-11 14:47:22 ERROR    ClientDAO:77 - Connection is null.
2020-05-11 14:48:07 ERROR    DBCPDataSource:43 - Communications link failure

The last packet sent successfully to the server was 0 milliseconds ago. The driver has not received any packets from the server.
2020-05-11 14:48:07 ERROR    ClientDAO:49 - Connection is null.
2020-05-11 14:48:07 ERROR    ClientDAO:53 - Connection is null.
2020-05-11 14:48:41 ERROR    AuthorizationServlet:65 - Invalid credentials input to log in
2020-05-11 14:49:02 ERROR    DBCPDataSource:43 - Communications link failure

The last packet sent successfully to the server was 0 milliseconds ago. The driver has not received any packets from the server.
2020-05-11 14:49:02 ERROR    ClientDAO:49 - Connection is null.
2020-05-11 14:49:02 ERROR    ClientDAO:53 - Connection is null.
2020-05-11 14:49:23 ERROR    DBCPDataSource:43 - Cannot create PoolableConnectionFactory (Communications link failure

The last packet sent successfully to the server was 0 milliseconds ago. The driver has not received any packets from the server.)
2020-05-11 14:50:55 ERROR    PasswordRecoveryServlet:80 - Invalid email input
2020-05-11 15:01:53 ERROR    ResetPasswordServlet:48 - Invalid password/retyped password in recovery password section
2020-05-11 15:02:25 ERROR    ResetPasswordServlet:48 - Invalid password/retyped password in recovery password section
2020-05-11 15:03:09 ERROR    ResetPasswordServlet:48 - Invalid password/retyped password in recovery password section
2020-05-11 15:03:52 ERROR    ResetPasswordServlet:48 - Invalid password/retyped password in recovery password section
2020-05-11 15:05:29 ERROR    ResetPasswordServlet:48 - Invalid password/retyped password in recovery password section
2020-05-11 15:05:58 ERROR    ResetPasswordServlet:48 - Invalid password/retyped password in recovery password section
2020-05-11 15:06:02 ERROR    ResetPasswordServlet:48 - Invalid password/retyped password in recovery password section
2020-05-11 15:07:32 ERROR    ResetPasswordServlet:48 - Invalid password/retyped password in recovery password section
2020-05-11 15:10:03 ERROR    ResetPasswordServlet:48 - Invalid password/retyped password in recovery password section
2020-05-11 15:10:20 ERROR    ResetPasswordServlet:48 - Invalid password/retyped password in recovery password section
2020-05-11 15:11:08 ERROR    ResetPasswordServlet:48 - Invalid password/retyped password in recovery password section
2020-05-11 15:11:18 ERROR    ResetPasswordServlet:48 - Invalid password/retyped password in recovery password section
2020-05-11 15:27:23 ERROR    AuthorizationServlet:65 - Invalid credentials input to log in
2020-05-11 15:27:45 ERROR    AuthorizationServlet:65 - Invalid credentials input to log in
2020-05-11 15:28:30 ERROR    AuthorizationServlet:65 - Invalid credentials input to log in
2020-05-11 15:29:15 ERROR    AuthorizationServlet:65 - Invalid credentials input to log in
2020-05-11 15:29:19 ERROR    AuthorizationServlet:65 - Invalid credentials input to log in
2020-05-11 15:30:22 ERROR    AuthorizationServlet:65 - Invalid credentials input to log in
2020-05-11 15:30:47 ERROR    AuthorizationServlet:65 - Invalid credentials input to log in
2020-05-11 15:31:14 ERROR    AuthorizationServlet:65 - Invalid credentials input to log in
2020-05-11 15:31:20 ERROR    AuthorizationServlet:65 - Invalid credentials input to log in
2020-05-11 15:32:42 ERROR    AuthorizationServlet:65 - Invalid credentials input to log in
2020-05-11 15:32:58 ERROR    AuthorizationServlet:65 - Invalid credentials input to log in
2020-05-11 15:33:07 ERROR    AuthorizationServlet:65 - Invalid credentials input to log in
2020-05-11 16:34:21 ERROR    RegistrationServlet:50 - Invalid input data to register user
2020-05-11 16:34:29 ERROR    RegistrationServlet:50 - Invalid input data to register user
2020-05-11 16:34:33 ERROR    RegistrationServlet:50 - Invalid input data to register user
2020-05-11 16:35:54 ERROR    RegistrationServlet:50 - Invalid input data to register user
2020-05-11 16:36:01 ERROR    RegistrationServlet:50 - Invalid input data to register user
2020-05-11 16:36:06 ERROR    RegistrationServlet:50 - Invalid input data to register user
2020-05-11 16:36:08 ERROR    RegistrationServlet:50 - Invalid input data to register user
2020-05-11 16:36:21 ERROR    RegistrationServlet:50 - Invalid input data to register user
2020-05-11 16:36:21 ERROR    RegistrationServlet:50 - Invalid input data to register user
2020-05-11 16:36:49 ERROR    RegistrationServlet:50 - Invalid input data to register user
2020-05-11 16:36:51 ERROR    RegistrationServlet:50 - Invalid input data to register user
2020-05-11 16:37:12 ERROR    BidControllerServlet:76 - empty String
2020-05-11 16:37:12 ERROR    BidControllerServlet:87 - empty String
2020-05-11 16:37:12 ERROR    BidControllerServlet:101 - empty String
2020-05-11 16:37:12 ERROR    BidControllerServlet:161 - Invalid bid data to get price or format the bid
2020-05-11 16:37:24 ERROR    BidControllerServlet:87 - For input string: "asd"
2020-05-11 16:37:24 ERROR    BidControllerServlet:161 - Invalid bid data to get price or format the bid
2020-05-11 16:55:37 ERROR    AdminBidControllerServlet:55 - For input string: ""
2020-05-12 14:45:15 ERROR    BidControllerServlet:85 - For input string: "=123"
2020-05-12 14:52:10 ERROR    BidControllerServlet:182 - Invalid bid data to get price or format the bid
2020-05-12 14:52:20 ERROR    BidControllerServlet:97 - empty String
2020-05-12 14:52:20 ERROR    BidControllerServlet:108 - empty String
2020-05-12 14:52:20 ERROR    BidControllerServlet:122 - empty String
2020-05-12 14:52:20 ERROR    BidControllerServlet:182 - Invalid bid data to get price or format the bid
2020-05-12 14:53:41 ERROR    BidControllerServlet:97 - empty String
2020-05-12 14:53:41 ERROR    BidControllerServlet:108 - empty String
2020-05-12 14:53:41 ERROR    BidControllerServlet:122 - empty String
2020-05-12 14:53:41 ERROR    BidControllerServlet:182 - Invalid bid data to get price or format the bid
2020-05-12 14:53:46 ERROR    BidControllerServlet:97 - empty String
2020-05-12 14:53:46 ERROR    BidControllerServlet:108 - empty String
2020-05-12 14:53:46 ERROR    BidControllerServlet:122 - empty String
2020-05-12 14:53:46 ERROR    BidControllerServlet:182 - Invalid bid data to get price or format the bid
2020-05-12 14:56:36 ERROR    BidControllerServlet:97 - empty String
2020-05-12 14:56:36 ERROR    BidControllerServlet:108 - empty String
2020-05-12 14:56:36 ERROR    BidControllerServlet:122 - empty String
2020-05-12 14:56:36 ERROR    BidControllerServlet:182 - Invalid bid data to get price or format the bid
2020-05-12 14:56:43 ERROR    BidControllerServlet:182 - Invalid bid data to get price or format the bid
2020-05-12 15:13:54 ERROR    BidControllerServlet:98 - empty String
2020-05-12 15:13:54 ERROR    BidControllerServlet:109 - empty String
2020-05-12 15:13:54 ERROR    BidControllerServlet:123 - empty String
2020-05-12 15:13:54 ERROR    BidControllerServlet:183 - Invalid bid data to get price or format the bid
2020-05-12 15:14:06 ERROR    BidControllerServlet:98 - empty String
2020-05-12 15:14:06 ERROR    BidControllerServlet:109 - empty String
2020-05-12 15:14:06 ERROR    BidControllerServlet:123 - empty String
2020-05-12 15:14:06 ERROR    BidControllerServlet:183 - Invalid bid data to get price or format the bid
2020-05-12 15:14:18 ERROR    BidControllerServlet:98 - empty String
2020-05-12 15:14:18 ERROR    BidControllerServlet:109 - empty String
2020-05-12 15:14:18 ERROR    BidControllerServlet:123 - empty String
2020-05-12 15:14:18 ERROR    BidControllerServlet:183 - Invalid bid data to get price or format the bid
2020-05-12 15:16:10 ERROR    BidControllerServlet:99 - empty String
2020-05-12 15:16:10 ERROR    BidControllerServlet:110 - empty String
2020-05-12 15:16:10 ERROR    BidControllerServlet:124 - empty String
2020-05-12 15:16:10 ERROR    BidControllerServlet:184 - Invalid bid data to get price or format the bid
2020-05-12 15:16:16 ERROR    BidControllerServlet:99 - empty String
2020-05-12 15:16:16 ERROR    BidControllerServlet:110 - empty String
2020-05-12 15:16:16 ERROR    BidControllerServlet:124 - empty String
2020-05-12 15:16:16 ERROR    BidControllerServlet:184 - Invalid bid data to get price or format the bid
2020-05-12 15:16:20 ERROR    BidControllerServlet:99 - empty String
2020-05-12 15:16:20 ERROR    BidControllerServlet:110 - empty String
2020-05-12 15:16:20 ERROR    BidControllerServlet:124 - empty String
2020-05-12 15:16:20 ERROR    BidControllerServlet:184 - Invalid bid data to get price or format the bid
2020-05-12 17:49:39 ERROR    BidControllerServlet:101 - empty String
2020-05-12 17:49:39 ERROR    BidControllerServlet:112 - empty String
2020-05-12 17:49:39 ERROR    BidControllerServlet:123 - empty String
2020-05-13 14:05:54 ERROR    BidControllerServlet:185 - Invalid bid data to get price or format the bid
2020-05-13 18:03:14 ERROR    BidControllerServlet:99 - For input string: "123t5t"
2020-05-13 18:03:14 ERROR    BidControllerServlet:185 - Invalid bid data to get price or format the bid
2020-05-13 18:03:17 ERROR    BidControllerServlet:99 - empty String
2020-05-13 18:03:17 ERROR    BidControllerServlet:110 - empty String
2020-05-13 18:03:17 ERROR    BidControllerServlet:121 - empty String
2020-05-13 18:03:17 ERROR    BidControllerServlet:185 - Invalid bid data to get price or format the bid
2020-05-13 18:03:33 ERROR    RegistrationServlet:50 - Invalid input data to register user
2020-05-13 18:04:14 ERROR    BidControllerServlet:99 - empty String
2020-05-13 18:04:14 ERROR    BidControllerServlet:110 - empty String
2020-05-13 18:04:14 ERROR    BidControllerServlet:121 - empty String
2020-05-13 18:04:14 ERROR    BidControllerServlet:185 - Invalid bid data to get price or format the bid
2020-05-13 18:05:06 ERROR    BuyingControllerServlet:65 - Invalid credit card data input to pay the bid
2020-06-14 14:33:30 ERROR    BidOrderPriceServlet:199 - Invalid bid data to get price or format the bid
2020-06-14 14:33:49 ERROR    BidOrderPriceServlet:199 - Invalid bid data to get price or format the bid
2020-06-14 14:34:16 ERROR    RegistrationServlet:51 - Invalid input data to register user
2020-06-14 14:34:27 ERROR    RegistrationServlet:51 - Invalid input data to register user
2020-06-14 14:34:38 ERROR    ClientDAOMySql:108 - Field 'token' doesn't have a default value
2020-06-14 14:35:05 ERROR    ClientDAOMySql:108 - Field 'token' doesn't have a default value
2020-06-14 14:36:54 ERROR    ClientDAOMySql:108 - Field 'token' doesn't have a default value
2020-06-14 14:37:27 ERROR    ClientDAOMySql:108 - You have an error in your SQL syntax; check the manual that corresponds to your MySQL server version for the right syntax to use near '''' at line 1
2020-06-14 14:38:38 ERROR    AuthorizationServlet:62 - Invalid credentials input to log in
2020-06-14 14:38:42 ERROR    AuthorizationServlet:62 - Invalid credentials input to log in
2020-06-14 14:39:52 ERROR    BidOrderPriceServlet:199 - Invalid bid data to get price or format the bid
2020-06-14 14:42:39 ERROR    BuyingControllerServlet:68 - Invalid credit card data input to pay the bid
2020-06-14 14:42:59 ERROR    JAXBParser:44 - Unable to create an instance of org.mycompany.models.client.Client
2020-06-14 14:46:01 ERROR    JAXBParser:44 - Unable to create an instance of org.mycompany.models.client.Client
2020-06-14 14:54:53 ERROR    JAXBParser:44 - Unable to create an instance of org.mycompany.models.client.Client
2020-06-14 14:57:36 ERROR    JAXBParser:44 - Unable to create an instance of org.mycompany.models.client.Client
2020-06-14 15:03:13 ERROR    JAXBParser:44 - 
2020-06-14 15:03:32 ERROR    JAXBParser:44 - 
2020-06-14 15:03:39 ERROR    JAXBParser:44 - 
2020-06-14 15:05:04 ERROR    JAXBParser:44 - Unable to create an instance of org.mycompany.models.client.Client
2020-06-14 15:07:19 ERROR    JAXBParser:45 - Unable to create an instance of org.mycompany.models.client.Client
2020-06-14 15:08:38 ERROR    JAXBParser:45 - Unable to create an instance of org.mycompany.models.client.Client
2020-06-14 15:10:07 ERROR    JAXBParser:45 - 
2020-06-14 15:10:33 ERROR    JAXBParser:46 - Unable to create an instance of org.mycompany.models.client.Client
2020-06-14 15:10:48 ERROR    JAXBParser:46 - 
2020-06-14 15:10:54 ERROR    JAXBParser:46 - Unable to create an instance of org.mycompany.models.client.Client
2020-06-14 15:15:00 ERROR    JAXBParser:56 - Unable to create an instance of org.mycompany.models.client.Client
2020-06-14 15:20:13 ERROR    JAXBParser:50 - Unable to create an instance of org.mycompany.models.client.Client
2020-06-14 15:30:40 ERROR    PasswordRecoveryServlet:51 - Invalid email input
2020-06-14 15:30:42 ERROR    PasswordRecoveryServlet:51 - Invalid email input
2020-06-14 15:32:44 ERROR    ResetPasswordServlet:51 - Invalid password/retyped password in recovery password section
2020-06-14 15:32:46 ERROR    ResetPasswordServlet:51 - Invalid password/retyped password in recovery password section
2020-06-14 15:33:50 ERROR    BidOrderPriceServlet:199 - Invalid bid data to get price or format the bid
